# JRE version: OpenJDK Runtime Environment (24.0+36) (build 24+36-3646)
# Java VM: OpenJDK 64-Bit Server VM (24+36-3646, mixed mode, emulated-client, sharing, tiered, compressed oops, compressed class ptrs, g1 gc, windows-amd64)
GC Precious Log:
 CardTable entry size: 512
 Card Set container configuration: InlinePtr #cards 4 size 8 Array Of Cards #cards 16 size 48 Howl #buckets 8 coarsen threshold 3686 Howl Bitmap #cards 512 size 80 coarsen threshold 460 Card regions per heap region 1 cards per card region 4096
 CPUs: 8 total, 8 available
 Memory: 12139M
 Large Page Support: Disabled
 NUMA Support: Disabled
 Compressed Oops: Enabled (Zero based)
 Heap Region Size: 2M
 Heap Min Capacity: 8M
 Heap Initial Capacity: 190M
 Heap Max Capacity: 3036M
 Pre-touch: Disabled
 Parallel Workers: 8
 Concurrent Workers: 2
 Concurrent Refinement Workers: 8
 Periodic GC: Disabled
Heap:
 garbage-first heap   total reserved 3108864K, committed 57344K, used 16451K [0x0000000742400000, 0x0000000800000000)
  region size 2048K, 3 young (6144K), 2 survivors (4096K)
 Metaspace       used 28586K, committed 29056K, reserved 1114112K
  class space    used 3290K, committed 3456K, reserved 1048576K
GC Heap History (8 events):
Event: 4.888 GC heap before
{Heap before GC invocations=0 (full 0):
 garbage-first heap   total reserved 3108864K, committed 196608K, used 50288K [0x0000000742400000, 0x0000000800000000)
  region size 2048K, 24 young (49152K), 0 survivors (0K)
 Metaspace       used 11521K, committed 11776K, reserved 1114112K
  class space    used 1350K, committed 1472K, reserved 1048576K
}
Event: 4.908 GC heap after
{Heap after GC invocations=1 (full 0):
 garbage-first heap   total reserved 3108864K, committed 196608K, used 7376K [0x0000000742400000, 0x0000000800000000)
  region size 2048K, 3 young (6144K), 3 survivors (6144K)
 Metaspace       used 11521K, committed 11776K, reserved 1114112K
  class space    used 1350K, committed 1472K, reserved 1048576K
}
Event: 7.396 GC heap before
{Heap before GC invocations=1 (full 0):
 garbage-first heap   total reserved 3108864K, committed 196608K, used 58576K [0x0000000742400000, 0x0000000800000000)
  region size 2048K, 29 young (59392K), 3 survivors (6144K)
 Metaspace       used 21192K, committed 21504K, reserved 1114112K
  class space    used 2362K, committed 2496K, reserved 1048576K
}
Event: 7.423 GC heap after
{Heap after GC invocations=2 (full 0):
 garbage-first heap   total reserved 3108864K, committed 196608K, used 11566K [0x0000000742400000, 0x0000000800000000)
  region size 2048K, 3 young (6144K), 3 survivors (6144K)
 Metaspace       used 21192K, committed 21504K, reserved 1114112K
  class space    used 2362K, committed 2496K, reserved 1048576K
}
Event: 9.179 GC heap before
{Heap before GC invocations=3 (full 0):
 garbage-first heap   total reserved 3108864K, committed 49152K, used 46382K [0x0000000742400000, 0x0000000800000000)
  region size 2048K, 20 young (40960K), 3 survivors (6144K)
 Metaspace       used 25983K, committed 26368K, reserved 1114112K
  class space    used 2967K, committed 3136K, reserved 1048576K
}
Event: 9.190 GC heap after
{Heap after GC invocations=4 (full 0):
 garbage-first heap   total reserved 3108864K, committed 57344K, used 14882K [0x0000000742400000, 0x0000000800000000)
  region size 2048K, 4 young (8192K), 4 survivors (8192K)
 Metaspace       used 25983K, committed 26368K, reserved 1114112K
  class space    used 2967K, committed 3136K, reserved 1048576K
}
Event: 19.005 GC heap before
{Heap before GC invocations=4 (full 0):
 garbage-first heap   total reserved 3108864K, committed 57344K, used 39458K [0x0000000742400000, 0x0000000800000000)
  region size 2048K, 16 young (32768K), 4 survivors (8192K)
 Metaspace       used 28566K, committed 28992K, reserved 1114112K
  class space    used 3286K, committed 3456K, reserved 1048576K
}
Event: 19.023 GC heap after
{Heap after GC invocations=5 (full 0):
 garbage-first heap   total reserved 3108864K, committed 57344K, used 16451K [0x0000000742400000, 0x0000000800000000)
  region size 2048K, 2 young (4096K), 2 survivors (4096K)
 Metaspace       used 28566K, committed 28992K, reserved 1114112K
  class space    used 3286K, committed 3456K, reserved 1048576K
}

